{"ts":1775074041564,"action":"PROJECT_OPENED","tags":{"PROJECT_NAME":"KUST-RoboMaster-H743-Board"}}
{"ts":1775074069052,"action":"IDE_DEACTIVATED"}
{"ts":1775074070617,"action":"IDE_ACTIVATED"}
{"ts":1775074081446,"action":"IDE_DEACTIVATED"}
{"ts":1775074085399,"action":"IDE_ACTIVATED"}
{"ts":1775074097454,"action":"IDE_DEACTIVATED"}
{"ts":1775074097571,"action":"IDE_ACTIVATED"}
{"ts":1775074098632,"action":"IDE_DEACTIVATED"}
{"ts":1775074099604,"action":"IDE_ACTIVATED"}
{"ts":1775074222690,"action":"IDE_DEACTIVATED"}
{"ts":1775074231127,"action":"IDE_ACTIVATED"}
{"ts":1775074231243,"action":"IDE_DEACTIVATED"}
{"ts":1775074233898,"action":"IDE_ACTIVATED"}
{"ts":1775074261340,"action":"FILE_OPENED","file":"/Core/Src/bsp.c","tags":{"FILE_LINE_OF_CODE":"180"}}
{"ts":1775074267850,"action":"FILE_CLOSED","file":"/Core/Src/bsp.c","tags":{"FILE_LINE_OF_CODE":"180"}}
{"ts":1775074267850,"action":"FILE_OPENED","file":"/Core/Inc/bsp.h","tags":{"FILE_LINE_OF_CODE":"120"}}
{"ts":1775074294923,"action":"FILE_CLOSED","file":"/Core/Inc/bsp.h","tags":{"FILE_LINE_OF_CODE":"29"}}
{"ts":1775074294923,"action":"FILE_OPENED","file":"/Core/Inc/bsp_config.h","tags":{"FILE_LINE_OF_CODE":"30"}}
{"ts":1775074379701,"action":"IDE_DEACTIVATED"}
{"ts":1775074391705,"action":"IDE_ACTIVATED"}
{"ts":1775074410712,"action":"FILE_CLOSED","file":"/Core/Inc/bsp_config.h","tags":{"FILE_LINE_OF_CODE":"30"}}
{"ts":1775074410712,"action":"FILE_OPENED","file":"/Core/Inc/bsp.h","tags":{"FILE_LINE_OF_CODE":"29"}}
{"ts":1775074412704,"action":"FILE_CLOSED","file":"/Core/Inc/bsp.h","tags":{"FILE_LINE_OF_CODE":"29"}}
{"ts":1775074412704,"action":"FILE_OPENED","file":"/Core/Src/bsp.c","tags":{"FILE_LINE_OF_CODE":"180"}}
{"ts":1775074427944,"action":"FILE_CLOSED","file":"/Core/Src/bsp.c","tags":{"FILE_LINE_OF_CODE":"26"}}
{"ts":1775074427944,"action":"FILE_OPENED","file":"/Core/Inc/bsp.h","tags":{"FILE_LINE_OF_CODE":"29"}}
{"ts":1775074439803,"action":"FILE_CLOSED","file":"/Core/Inc/bsp.h","tags":{"FILE_LINE_OF_CODE":"29"}}
{"ts":1775074439803,"action":"FILE_OPENED","file":"/Core/Src/bsp.c","tags":{"FILE_LINE_OF_CODE":"26"}}
{"ts":1775074440305,"action":"FILE_CLOSED","file":"/Core/Src/bsp.c","tags":{"FILE_LINE_OF_CODE":"26"}}
{"ts":1775074440305,"action":"FILE_OPENED","file":"/Core/Inc/bsp_config.h","tags":{"FILE_LINE_OF_CODE":"30"}}
{"ts":1775074443892,"action":"FILE_CLOSED","file":"/Core/Inc/bsp_config.h","tags":{"FILE_LINE_OF_CODE":"30"}}
{"ts":1775074446585,"action":"IDE_DEACTIVATED"}
{"ts":1775074729373,"action":"IDE_ACTIVATED"}
{"ts":1775074731626,"action":"IDE_DEACTIVATED"}
{"ts":1775074732329,"action":"IDE_ACTIVATED"}
{"ts":1775074738944,"action":"IDE_DEACTIVATED"}
{"ts":1775074741063,"action":"IDE_ACTIVATED"}
{"ts":1775074744116,"action":"IDE_DEACTIVATED"}
{"ts":1775074746268,"action":"IDE_ACTIVATED"}
{"ts":1775074749296,"action":"IDE_DEACTIVATED"}
{"ts":1775074749630,"action":"IDE_ACTIVATED"}
{"ts":1775074786720,"action":"IDE_DEACTIVATED"}
{"ts":1775074796943,"action":"IDE_ACTIVATED"}
{"ts":1775074833822,"action":"FILE_OPENED","file":"/Drivers/CMSIS/DSP/Source/ComplexMathFunctions/ComplexMathFunctions.c","tags":{"FILE_LINE_OF_CODE":"47"}}
{"ts":1775074835277,"action":"FILE_CLOSED","file":"/Drivers/CMSIS/DSP/Source/ComplexMathFunctions/ComplexMathFunctions.c","tags":{"FILE_LINE_OF_CODE":"47"}}
{"ts":1775074860075,"action":"FILE_OPENED","file":"/Drivers/CMSIS/DSP/Source/SupportFunctions/CMakeLists.txt","tags":{"FILE_LINE_OF_CODE":"17"}}
{"ts":1775074869712,"action":"FILE_CLOSED","file":"/Drivers/CMSIS/DSP/Source/SupportFunctions/CMakeLists.txt","tags":{"FILE_LINE_OF_CODE":"17"}}
{"ts":1775074909487,"action":"FILE_OPENED","file":"/Drivers/CMSIS/DSP/interpol.cmake","tags":{"FILE_LINE_OF_CODE":"43"}}
{"ts":1775074914203,"action":"FILE_CLOSED","file":"/Drivers/CMSIS/DSP/interpol.cmake","tags":{"FILE_LINE_OF_CODE":"43"}}
{"ts":1775074914203,"action":"FILE_OPENED","file":"/Drivers/CMSIS/DSP/armcc.cmake","tags":{"FILE_LINE_OF_CODE":"49"}}
{"ts":1775074923201,"action":"FILE_CLOSED","file":"/Drivers/CMSIS/DSP/armcc.cmake","tags":{"FILE_LINE_OF_CODE":"49"}}
{"ts":1775074923201,"action":"FILE_OPENED","file":"/Drivers/CMSIS/DSP/config.cmake","tags":{"FILE_LINE_OF_CODE":"141"}}
{"ts":1775074950704,"action":"IDE_DEACTIVATED"}
{"ts":1775075034877,"action":"IDE_ACTIVATED"}
{"ts":1775075042229,"action":"IDE_DEACTIVATED"}
{"ts":1775075083287,"action":"IDE_ACTIVATED"}
{"ts":1775075097319,"action":"FILE_CLOSED","file":"/Drivers/CMSIS/DSP/config.cmake","tags":{"FILE_LINE_OF_CODE":"141"}}
{"ts":1775075097319,"action":"FILE_OPENED","file":"/SEGGER_RTT/user_JScope_Transmit.h","tags":{"FILE_LINE_OF_CODE":"23"}}
{"ts":1775075118757,"action":"FILE_CLOSED","file":"/SEGGER_RTT/user_JScope_Transmit.h","tags":{"FILE_LINE_OF_CODE":"23"}}
{"ts":1775075118757,"action":"FILE_OPENED","file":"/User_Drives/user_pwm.h","tags":{"FILE_LINE_OF_CODE":"26"}}
{"ts":1775075129340,"action":"FILE_CLOSED","file":"/User_Drives/user_pwm.h","tags":{"FILE_LINE_OF_CODE":"26"}}
{"ts":1775075129340,"action":"FILE_OPENED","file":"/SEGGER_RTT/user_JScope_Transmit.h","tags":{"FILE_LINE_OF_CODE":"23"}}
{"ts":1775075146380,"action":"FILE_CLOSED","file":"/SEGGER_RTT/user_JScope_Transmit.h","tags":{"FILE_LINE_OF_CODE":"25"}}
{"ts":1775075146380,"action":"FILE_OPENED","file":"/User_Drives/user_pwm.h","tags":{"FILE_LINE_OF_CODE":"26"}}
{"ts":1775075153434,"action":"FILE_CLOSED","file":"/User_Drives/user_pwm.h","tags":{"FILE_LINE_OF_CODE":"26"}}
{"ts":1775075153434,"action":"FILE_OPENED","file":"/SEGGER_RTT/user_JScope_Transmit.h","tags":{"FILE_LINE_OF_CODE":"25"}}
{"ts":1775075163077,"action":"FILE_CLOSED","file":"/SEGGER_RTT/user_JScope_Transmit.h","tags":{"FILE_LINE_OF_CODE":"25"}}
{"ts":1775075163077,"action":"FILE_OPENED","file":"/Core/Inc/bsp.h","tags":{"FILE_LINE_OF_CODE":"29"}}
{"ts":1775075175148,"action":"FILE_CLOSED","file":"/Core/Inc/bsp.h","tags":{"FILE_LINE_OF_CODE":"29"}}
{"ts":1775075175148,"action":"FILE_OPENED","file":"/SEGGER_RTT/user_JScope_Transmit.h","tags":{"FILE_LINE_OF_CODE":"25"}}
{"ts":1775075189124,"action":"FILE_CLOSED","file":"/SEGGER_RTT/user_JScope_Transmit.h","tags":{"FILE_LINE_OF_CODE":"25"}}
{"ts":1775075189124,"action":"FILE_OPENED","file":"/Core/Inc/bsp.h","tags":{"FILE_LINE_OF_CODE":"29"}}
{"ts":1775075225753,"action":"FILE_CLOSED","file":"/Core/Inc/bsp.h","tags":{"FILE_LINE_OF_CODE":"31"}}
{"ts":1775075225753,"action":"FILE_OPENED","file":"/Core/Src/bsp.c","tags":{"FILE_LINE_OF_CODE":"26"}}
{"ts":1775075233616,"action":"FILE_CLOSED","file":"/Core/Src/bsp.c","tags":{"FILE_LINE_OF_CODE":"27"}}
{"ts":1775075233616,"action":"FILE_OPENED","file":"/Core/Inc/bsp.h","tags":{"FILE_LINE_OF_CODE":"31"}}
{"ts":1775075236626,"action":"FILE_CLOSED","file":"/Core/Inc/bsp.h","tags":{"FILE_LINE_OF_CODE":"31"}}
{"ts":1775075236626,"action":"FILE_OPENED","file":"/SEGGER_RTT/user_JScope_Transmit.h","tags":{"FILE_LINE_OF_CODE":"25"}}
{"ts":1775075237984,"action":"FILE_CLOSED","file":"/SEGGER_RTT/user_JScope_Transmit.h","tags":{"FILE_LINE_OF_CODE":"25"}}
{"ts":1775075237984,"action":"FILE_OPENED","file":"/Core/Src/bsp.c","tags":{"FILE_LINE_OF_CODE":"27"}}
{"ts":1775075242537,"action":"FILE_CLOSED","file":"/Core/Src/bsp.c","tags":{"FILE_LINE_OF_CODE":"28"}}
{"ts":1775075242537,"action":"FILE_OPENED","file":"/Core/Inc/bsp.h","tags":{"FILE_LINE_OF_CODE":"31"}}
{"ts":1775075245508,"action":"FILE_CLOSED","file":"/Core/Inc/bsp.h","tags":{"FILE_LINE_OF_CODE":"31"}}
{"ts":1775075245508,"action":"FILE_OPENED","file":"/Core/Src/bsp.c","tags":{"FILE_LINE_OF_CODE":"28"}}
{"ts":1775075257254,"action":"FILE_CLOSED","file":"/Core/Src/bsp.c","tags":{"FILE_LINE_OF_CODE":"29"}}
{"ts":1775075257254,"action":"FILE_OPENED","file":"/SEGGER_RTT/user_JScope_Transmit.c","tags":{"FILE_LINE_OF_CODE":"30"}}
{"ts":1775075273122,"action":"FILE_CLOSED","file":"/SEGGER_RTT/user_JScope_Transmit.c","tags":{"FILE_LINE_OF_CODE":"30"}}
{"ts":1775075273122,"action":"FILE_OPENED","file":"/User_Drives/Src/user_pwm.c","tags":{"FILE_LINE_OF_CODE":"58"}}
{"ts":1775075277071,"action":"FILE_CLOSED","file":"/User_Drives/Src/user_pwm.c","tags":{"FILE_LINE_OF_CODE":"58"}}
{"ts":1775075277071,"action":"FILE_OPENED","file":"/SEGGER_RTT/user_JScope_Transmit.c","tags":{"FILE_LINE_OF_CODE":"30"}}
{"ts":1775075290088,"action":"FILE_CLOSED","file":"/SEGGER_RTT/user_JScope_Transmit.c","tags":{"FILE_LINE_OF_CODE":"33"}}
{"ts":1775075290088,"action":"FILE_OPENED","file":"/SEGGER_RTT/user_JScope_Transmit.h","tags":{"FILE_LINE_OF_CODE":"25"}}
{"ts":1775075293071,"action":"FILE_CLOSED","file":"/SEGGER_RTT/user_JScope_Transmit.h","tags":{"FILE_LINE_OF_CODE":"25"}}
{"ts":1775075293071,"action":"FILE_OPENED","file":"/SEGGER_RTT/user_JScope_Transmit.c","tags":{"FILE_LINE_OF_CODE":"33"}}
{"ts":1775075333001,"action":"FILE_CLOSED","file":"/SEGGER_RTT/user_JScope_Transmit.c","tags":{"FILE_LINE_OF_CODE":"33"}}
{"ts":1775075333001,"action":"FILE_OPENED","file":"/User_Drives/User_Motor/user_dji_motor_old.h","tags":{"FILE_LINE_OF_CODE":"116"}}
{"ts":1775075341389,"action":"FILE_CLOSED","file":"/User_Drives/User_Motor/user_dji_motor_old.h","tags":{"FILE_LINE_OF_CODE":"116"}}
{"ts":1775075341389,"action":"FILE_OPENED","file":"/User_Drives/User_Motor/Src/user_dji_motor_old.c","tags":{"FILE_LINE_OF_CODE":"386"}}
{"ts":1775075373776,"action":"FILE_CLOSED","file":"/User_Drives/User_Motor/Src/user_dji_motor_old.c","tags":{"FILE_LINE_OF_CODE":"386"}}
{"ts":1775075373776,"action":"FILE_OPENED","file":"/User_Drives/User_Motor/user_dji_motor_old.h","tags":{"FILE_LINE_OF_CODE":"116"}}
{"ts":1775075381979,"action":"FILE_OPENED","file":"/SEGGER_RTT/user_JScope_Transmit.c","tags":{"FILE_LINE_OF_CODE":"33"}}
{"ts":1775075394440,"action":"FILE_CLOSED","file":"/SEGGER_RTT/user_JScope_Transmit.c","tags":{"FILE_LINE_OF_CODE":"33"}}
{"ts":1775075394440,"action":"FILE_OPENED","file":"/User_Architect/user_delay.h","tags":{"FILE_LINE_OF_CODE":"20"}}
{"ts":1775075406407,"action":"FILE_OPENED","file":"/SEGGER_RTT/user_JScope_Transmit.c","tags":{"FILE_LINE_OF_CODE":"33"}}
{"ts":1775075431298,"action":"IDE_DEACTIVATED"}
{"ts":1775075434556,"action":"IDE_ACTIVATED"}
{"ts":1775075450885,"action":"FILE_CLOSED","file":"/SEGGER_RTT/user_JScope_Transmit.c","tags":{"FILE_LINE_OF_CODE":"33"}}
{"ts":1775075450885,"action":"FILE_OPENED","file":"/.gitignore","tags":{"FILE_LINE_OF_CODE":"2"}}
